<?xml version="1.0" encoding="UTF-8"?>
<testsuite xmlns:xsi="http://www.w3.org/2001/XMLSchema-instance" xsi:noNamespaceSchemaLocation="https://maven.apache.org/surefire/maven-surefire-plugin/xsd/surefire-test-report.xsd" name="TestSuite" time="29.857" tests="26" errors="0" skipped="0" failures="0">
  <properties>
    <property name="sun.desktop" value="windows"/>
    <property name="awt.toolkit" value="sun.awt.windows.WToolkit"/>
    <property name="file.encoding.pkg" value="sun.io"/>
    <property name="java.specification.version" value="1.8"/>
    <property name="sun.cpu.isalist" value="amd64"/>
    <property name="sun.jnu.encoding" value="Cp1252"/>
    <property name="java.class.path" value="C:\Users\jacuna.CMC\OneDrive - Colegio de Medicos y Cirujanos\Escritorio\RestAsusured\target\test-classes;C:\Users\jacuna.CMC\OneDrive - Colegio de Medicos y Cirujanos\Escritorio\RestAsusured\target\classes;C:\Users\jacuna.CMC\.m2\repository\io\rest-assured\rest-assured\4.3.1\rest-assured-4.3.1.jar;C:\Users\jacuna.CMC\.m2\repository\org\codehaus\groovy\groovy\3.0.3\groovy-3.0.3.jar;C:\Users\jacuna.CMC\.m2\repository\org\codehaus\groovy\groovy-xml\3.0.3\groovy-xml-3.0.3.jar;C:\Users\jacuna.CMC\.m2\repository\org\apache\httpcomponents\httpclient\4.5.3\httpclient-4.5.3.jar;C:\Users\jacuna.CMC\.m2\repository\org\apache\httpcomponents\httpcore\4.4.6\httpcore-4.4.6.jar;C:\Users\jacuna.CMC\.m2\repository\commons-logging\commons-logging\1.2\commons-logging-1.2.jar;C:\Users\jacuna.CMC\.m2\repository\commons-codec\commons-codec\1.9\commons-codec-1.9.jar;C:\Users\jacuna.CMC\.m2\repository\org\apache\httpcomponents\httpmime\4.5.3\httpmime-4.5.3.jar;C:\Users\jacuna.CMC\.m2\repository\org\ccil\cowan\tagsoup\tagsoup\1.2.1\tagsoup-1.2.1.jar;C:\Users\jacuna.CMC\.m2\repository\io\rest-assured\json-path\4.3.1\json-path-4.3.1.jar;C:\Users\jacuna.CMC\.m2\repository\org\codehaus\groovy\groovy-json\3.0.3\groovy-json-3.0.3.jar;C:\Users\jacuna.CMC\.m2\repository\io\rest-assured\rest-assured-common\4.3.1\rest-assured-common-4.3.1.jar;C:\Users\jacuna.CMC\.m2\repository\io\rest-assured\xml-path\4.3.1\xml-path-4.3.1.jar;C:\Users\jacuna.CMC\.m2\repository\org\apache\commons\commons-lang3\3.4\commons-lang3-3.4.jar;C:\Users\jacuna.CMC\.m2\repository\jakarta\xml\bind\jakarta.xml.bind-api\2.3.3\jakarta.xml.bind-api-2.3.3.jar;C:\Users\jacuna.CMC\.m2\repository\jakarta\activation\jakarta.activation-api\1.2.2\jakarta.activation-api-1.2.2.jar;C:\Users\jacuna.CMC\.m2\repository\com\sun\xml\bind\jaxb-impl\2.3.3\jaxb-impl-2.3.3.jar;C:\Users\jacuna.CMC\.m2\repository\org\testng\testng\6.14.3\testng-6.14.3.jar;C:\Users\jacuna.CMC\.m2\repository\com\beust\jcommander\1.72\jcommander-1.72.jar;C:\Users\jacuna.CMC\.m2\repository\org\apache-extras\beanshell\bsh\2.0b6\bsh-2.0b6.jar;C:\Users\jacuna.CMC\.m2\repository\com\fasterxml\jackson\core\jackson-core\2.11.3\jackson-core-2.11.3.jar;C:\Users\jacuna.CMC\.m2\repository\com\fasterxml\jackson\core\jackson-databind\2.6.0\jackson-databind-2.6.0.jar;C:\Users\jacuna.CMC\.m2\repository\com\fasterxml\jackson\core\jackson-annotations\2.6.0\jackson-annotations-2.6.0.jar;C:\Users\jacuna.CMC\.m2\repository\org\hamcrest\hamcrest\2.1\hamcrest-2.1.jar;C:\Users\jacuna.CMC\.m2\repository\org\apache\maven\surefire\surefire-testng-utils\2.22.0\surefire-testng-utils-2.22.0.jar;C:\Users\jacuna.CMC\.m2\repository\org\apache\maven\surefire\surefire-grouper\2.22.0\surefire-grouper-2.22.0.jar;"/>
    <property name="java.vm.vendor" value="Oracle Corporation"/>
    <property name="sun.arch.data.model" value="64"/>
    <property name="user.variant" value=""/>
    <property name="java.vendor.url" value="http://java.oracle.com/"/>
    <property name="user.timezone" value="America/Regina"/>
    <property name="java.vm.specification.version" value="1.8"/>
    <property name="os.name" value="Windows 10"/>
    <property name="user.country" value="CR"/>
    <property name="sun.java.launcher" value="SUN_STANDARD"/>
    <property name="sun.boot.library.path" value="C:\Program Files\Java\jdk1.8.0_301\jre\bin"/>
    <property name="sun.java.command" value="C:\Users\jacuna.CMC\AppData\Local\Temp\surefire2955102006230907411\surefirebooter8235445981629379673.jar C:\Users\jacuna.CMC\AppData\Local\Temp\surefire2955102006230907411 2021-12-11T15-28-07_035-jvmRun1 surefire2302122249808676155tmp surefire_03204041800978225321tmp"/>
    <property name="surefire.test.class.path" value="C:\Users\jacuna.CMC\OneDrive - Colegio de Medicos y Cirujanos\Escritorio\RestAsusured\target\test-classes;C:\Users\jacuna.CMC\OneDrive - Colegio de Medicos y Cirujanos\Escritorio\RestAsusured\target\classes;C:\Users\jacuna.CMC\.m2\repository\io\rest-assured\rest-assured\4.3.1\rest-assured-4.3.1.jar;C:\Users\jacuna.CMC\.m2\repository\org\codehaus\groovy\groovy\3.0.3\groovy-3.0.3.jar;C:\Users\jacuna.CMC\.m2\repository\org\codehaus\groovy\groovy-xml\3.0.3\groovy-xml-3.0.3.jar;C:\Users\jacuna.CMC\.m2\repository\org\apache\httpcomponents\httpclient\4.5.3\httpclient-4.5.3.jar;C:\Users\jacuna.CMC\.m2\repository\org\apache\httpcomponents\httpcore\4.4.6\httpcore-4.4.6.jar;C:\Users\jacuna.CMC\.m2\repository\commons-logging\commons-logging\1.2\commons-logging-1.2.jar;C:\Users\jacuna.CMC\.m2\repository\commons-codec\commons-codec\1.9\commons-codec-1.9.jar;C:\Users\jacuna.CMC\.m2\repository\org\apache\httpcomponents\httpmime\4.5.3\httpmime-4.5.3.jar;C:\Users\jacuna.CMC\.m2\repository\org\ccil\cowan\tagsoup\tagsoup\1.2.1\tagsoup-1.2.1.jar;C:\Users\jacuna.CMC\.m2\repository\io\rest-assured\json-path\4.3.1\json-path-4.3.1.jar;C:\Users\jacuna.CMC\.m2\repository\org\codehaus\groovy\groovy-json\3.0.3\groovy-json-3.0.3.jar;C:\Users\jacuna.CMC\.m2\repository\io\rest-assured\rest-assured-common\4.3.1\rest-assured-common-4.3.1.jar;C:\Users\jacuna.CMC\.m2\repository\io\rest-assured\xml-path\4.3.1\xml-path-4.3.1.jar;C:\Users\jacuna.CMC\.m2\repository\org\apache\commons\commons-lang3\3.4\commons-lang3-3.4.jar;C:\Users\jacuna.CMC\.m2\repository\jakarta\xml\bind\jakarta.xml.bind-api\2.3.3\jakarta.xml.bind-api-2.3.3.jar;C:\Users\jacuna.CMC\.m2\repository\jakarta\activation\jakarta.activation-api\1.2.2\jakarta.activation-api-1.2.2.jar;C:\Users\jacuna.CMC\.m2\repository\com\sun\xml\bind\jaxb-impl\2.3.3\jaxb-impl-2.3.3.jar;C:\Users\jacuna.CMC\.m2\repository\org\testng\testng\6.14.3\testng-6.14.3.jar;C:\Users\jacuna.CMC\.m2\repository\com\beust\jcommander\1.72\jcommander-1.72.jar;C:\Users\jacuna.CMC\.m2\repository\org\apache-extras\beanshell\bsh\2.0b6\bsh-2.0b6.jar;C:\Users\jacuna.CMC\.m2\repository\com\fasterxml\jackson\core\jackson-core\2.11.3\jackson-core-2.11.3.jar;C:\Users\jacuna.CMC\.m2\repository\com\fasterxml\jackson\core\jackson-databind\2.6.0\jackson-databind-2.6.0.jar;C:\Users\jacuna.CMC\.m2\repository\com\fasterxml\jackson\core\jackson-annotations\2.6.0\jackson-annotations-2.6.0.jar;C:\Users\jacuna.CMC\.m2\repository\org\hamcrest\hamcrest\2.1\hamcrest-2.1.jar;C:\Users\jacuna.CMC\.m2\repository\org\apache\maven\surefire\surefire-testng-utils\2.22.0\surefire-testng-utils-2.22.0.jar;C:\Users\jacuna.CMC\.m2\repository\org\apache\maven\surefire\surefire-grouper\2.22.0\surefire-grouper-2.22.0.jar;"/>
    <property name="sun.cpu.endian" value="little"/>
    <property name="user.home" value="C:\Users\jacuna.CMC"/>
    <property name="user.language" value="es"/>
    <property name="java.specification.vendor" value="Oracle Corporation"/>
    <property name="java.home" value="C:\Program Files\Java\jdk1.8.0_301\jre"/>
    <property name="basedir" value="C:\Users\jacuna.CMC\OneDrive - Colegio de Medicos y Cirujanos\Escritorio\RestAsusured"/>
    <property name="file.separator" value="\"/>
    <property name="line.separator" value="&#10;"/>
    <property name="java.vm.specification.vendor" value="Oracle Corporation"/>
    <property name="java.specification.name" value="Java Platform API Specification"/>
    <property name="java.awt.graphicsenv" value="sun.awt.Win32GraphicsEnvironment"/>
    <property name="surefire.real.class.path" value="C:\Users\jacuna.CMC\AppData\Local\Temp\surefire2955102006230907411\surefirebooter8235445981629379673.jar"/>
    <property name="sun.boot.class.path" value="C:\Program Files\Java\jdk1.8.0_301\jre\lib\resources.jar;C:\Program Files\Java\jdk1.8.0_301\jre\lib\rt.jar;C:\Program Files\Java\jdk1.8.0_301\jre\lib\sunrsasign.jar;C:\Program Files\Java\jdk1.8.0_301\jre\lib\jsse.jar;C:\Program Files\Java\jdk1.8.0_301\jre\lib\jce.jar;C:\Program Files\Java\jdk1.8.0_301\jre\lib\charsets.jar;C:\Program Files\Java\jdk1.8.0_301\jre\lib\jfr.jar;C:\Program Files\Java\jdk1.8.0_301\jre\classes"/>
    <property name="user.script" value=""/>
    <property name="sun.management.compiler" value="HotSpot 64-Bit Tiered Compilers"/>
    <property name="java.runtime.version" value="1.8.0_301-b09"/>
    <property name="user.name" value="jacuna"/>
    <property name="path.separator" value=";"/>
    <property name="os.version" value="10.0"/>
    <property name="java.endorsed.dirs" value="C:\Program Files\Java\jdk1.8.0_301\jre\lib\endorsed"/>
    <property name="java.runtime.name" value="Java(TM) SE Runtime Environment"/>
    <property name="file.encoding" value="Cp1252"/>
    <property name="java.vm.name" value="Java HotSpot(TM) 64-Bit Server VM"/>
    <property name="localRepository" value="C:\Users\jacuna.CMC\.m2\repository"/>
    <property name="java.vendor.url.bug" value="http://bugreport.sun.com/bugreport/"/>
    <property name="java.io.tmpdir" value="C:\Users\jacuna.CMC\AppData\Local\Temp\"/>
    <property name="java.version" value="1.8.0_301"/>
    <property name="user.dir" value="C:\Users\jacuna.CMC\OneDrive - Colegio de Medicos y Cirujanos\Escritorio\RestAsusured"/>
    <property name="os.arch" value="amd64"/>
    <property name="java.vm.specification.name" value="Java Virtual Machine Specification"/>
    <property name="java.awt.printerjob" value="sun.awt.windows.WPrinterJob"/>
    <property name="sun.os.patch.level" value=""/>
    <property name="java.library.path" value="C:\Program Files\Java\jdk1.8.0_301\jre\bin;C:\WINDOWS\Sun\Java\bin;C:\WINDOWS\system32;C:\WINDOWS;C:\Program Files\Common Files\Oracle\Java\javapath;C:\Program Files (x86)\Common Files\Oracle\Java\javapath;C:\WINDOWS\system32;C:\WINDOWS;C:\WINDOWS\System32\Wbem;C:\WINDOWS\System32\WindowsPowerShell\v1.0\;C:\WINDOWS\System32\OpenSSH\;C:\apache-maven-3.8.1\bin;C:\Users\superusuario\AppData\Roaming\nvm;C:\Program Files\nodejs;C:\Users\superusuario\AppData\Roaming\npm\node_modules\yarn\bin\yarn.js;C:\Program Files (x86)\Yarn\bin\;C:\Program Files\Microsoft SQL Server\Client SDK\ODBC\130\Tools\Binn\;C:\Program Files (x86)\Microsoft SQL Server\140\Tools\Binn\;C:\Program Files\Microsoft SQL Server\140\Tools\Binn\;C:\Program Files\Microsoft SQL Server\140\DTS\Binn\;C:\Program Files (x86)\Microsoft SQL Server\150\DTS\Binn\;C:\Program Files\Azure Data Studio\bin;C:\Users\jacuna.CMC\AppData\Local\Programs\Python\Python39\Scripts\;C:\Users\jacuna.CMC\AppData\Local\Programs\Python\Python39\;C:\Users\jacuna.CMC\AppData\Local\Microsoft\WindowsApps;C:\Users\jacuna.CMC\AppData\Local\Programs\Microsoft VS Code\bin;C:\Users\jacuna.CMC\AppData\Roaming\npm;C:\Users\jacuna.CMC\AppData\Local\Programs\Git\cmd;C:\Users\jacuna.CMC\AppData\Local\Yarn\bin;C:\Program Files\Azure Data Studio\bin;."/>
    <property name="java.vm.info" value="mixed mode"/>
    <property name="java.vendor" value="Oracle Corporation"/>
    <property name="java.vm.version" value="25.301-b09"/>
    <property name="java.ext.dirs" value="C:\Program Files\Java\jdk1.8.0_301\jre\lib\ext;C:\WINDOWS\Sun\Java\lib\ext"/>
    <property name="sun.io.unicode.encoding" value="UnicodeLittle"/>
    <property name="java.class.version" value="52.0"/>
  </properties>
  <testcase name="Test_Login_User" classname="api_test.Login" time="3.014"/>
  <testcase name="Test_User_Registration" classname="api_test.Users" time="0"/>
  <testcase name="Test_Create_Post" classname="api_test.PostTest" time="0.676"/>
  <testcase name="Test_User_Registration_Existing_User" classname="api_test.Users" time="0.077"/>
  <testcase name="Test_Create_Article" classname="api_test.ArticlesTests" time="0.086"/>
  <testcase name="Test_Create_Post_Negative" classname="api_test.PostTest" time="0.701"/>
  <testcase name="Test_Logout_User" classname="api_test.Login" time="0.058"/>
  <testcase name="Test_Comment_All" classname="api_test.CommentsTest" time="0.143"/>
  <testcase name="Test_Create_Article_RequestSpecification" classname="api_test.ArticlesTests" time="0.614"/>
  <testcase name="Test_Post_All" classname="api_test.PostTest" time="1.351"/>
  <testcase name="Test_Comment_All_Negative" classname="api_test.CommentsTest" time="0.69"/>
  <testcase name="Test_Post_All_Negative" classname="api_test.PostTest" time="0.747"/>
  <testcase name="Test_Comment_Delete" classname="api_test.CommentsTest" time="2.351"/>
  <testcase name="Test_Post_Delete" classname="api_test.PostTest" time="0.503"/>
  <testcase name="Test_Comment_Delete_Negative" classname="api_test.CommentsTest" time="0.298"/>
  <testcase name="Test_Post_Delete_Negative" classname="api_test.PostTest" time="1.728"/>
  <testcase name="Test_Comment_One" classname="api_test.CommentsTest" time="1.255"/>
  <testcase name="Test_Post_One" classname="api_test.PostTest" time="1.724"/>
  <testcase name="Test_Post_One_Negative" classname="api_test.PostTest" time="1.405"/>
  <testcase name="Test_Comment_One_Negative" classname="api_test.CommentsTest" time="0.101"/>
  <testcase name="Test_Post_Update" classname="api_test.PostTest" time="2.669"/>
  <testcase name="Test_Comment_Update" classname="api_test.CommentsTest" time="0.362"/>
  <testcase name="Test_Post_Update_Negative" classname="api_test.PostTest" time="2.479"/>
  <testcase name="Test_Comment_Update_Negative" classname="api_test.CommentsTest" time="3.659"/>
  <testcase name="Test_Create_Comments" classname="api_test.CommentsTest" time="2.092"/>
  <testcase name="Test_Create_Comments_Negative" classname="api_test.CommentsTest" time="2.182"/>
</testsuite>