<?xml version="1.0" encoding="UTF-8"?>
<!-- Generated by org.testng.reporters.JUnitReportReporter -->
<testsuite skipped="0" hostname="NACHOTIC" name="api_test.Login" tests="2" failures="0" timestamp="11 dic 2021 21:28:37 GMT" time="4.535" errors="0">
  <testcase name="Test_Logout_User" time="1.556" classname="api_test.Login"/>
  <testcase name="Test_Login_User" time="2.979" classname="api_test.Login"/>
</testsuite> <!-- api_test.Login -->
