<?xml version="1.0" encoding="UTF-8"?>
<!-- Generated by org.testng.reporters.JUnitReportReporter -->
<testsuite skipped="0" hostname="NACHOTIC" name="api_test.PostTest" tests="10" failures="0" timestamp="11 dic 2021 21:28:37 GMT" time="22.284" errors="0">
  <testcase name="Test_Post_All" time="1.494" classname="api_test.PostTest"/>
  <testcase name="Test_Create_Post_Negative" time="0.787" classname="api_test.PostTest"/>
  <testcase name="Test_Create_Post" time="3.692" classname="api_test.PostTest"/>
  <testcase name="Test_Post_All_Negative" time="1.438" classname="api_test.PostTest"/>
  <testcase name="Test_Post_Delete" time="2.854" classname="api_test.PostTest"/>
  <testcase name="Test_Post_One_Negative" time="1.404" classname="api_test.PostTest"/>
  <testcase name="Test_Post_Update" time="2.770" classname="api_test.PostTest"/>
  <testcase name="Test_Post_Update_Negative" time="2.840" classname="api_test.PostTest"/>
  <testcase name="Test_Post_Delete_Negative" time="2.026" classname="api_test.PostTest"/>
  <testcase name="Test_Post_One" time="2.979" classname="api_test.PostTest"/>
</testsuite> <!-- api_test.PostTest -->
