<?xml version="1.0" encoding="UTF-8"?>
<!-- Generated by org.testng.reporters.JUnitReportReporter -->
<testsuite skipped="0" hostname="NACHOTIC" name="api_test.ArticlesTests" tests="2" failures="0" timestamp="11 dic 2021 21:28:37 GMT" time="5.236" errors="0">
  <testcase name="Test_Create_Article" time="3.777" classname="api_test.ArticlesTests"/>
  <testcase name="Test_Create_Article_RequestSpecification" time="1.459" classname="api_test.ArticlesTests"/>
</testsuite> <!-- api_test.ArticlesTests -->
